<?xml version="1.0" encoding="UTF-8"?>
<testng-results ignored="0" total="2" passed="2" failed="0" skipped="0">
  <reporter-output>
  </reporter-output>
  <suite started-at="2023-02-05T07:35:08 IST" name="RCBTeamRegression" finished-at="2023-02-05T07:35:08 IST" duration-ms="29">
    <groups>
    </groups>
    <test started-at="2023-02-05T07:35:08 IST" name="CheckForeignPlayers" finished-at="2023-02-05T07:35:08 IST" duration-ms="29">
      <class name="testcases.TC_02_Test">
        <test-method signature="ValidateWicketKeeperCount()[pri:0, instance:testcases.TC_02_Test@2fd6b6c7]" started-at="2023-02-05T07:35:08 IST" name="ValidateWicketKeeperCount" finished-at="2023-02-05T07:35:08 IST" duration-ms="1" status="PASS">
          <reporter-output>
          </reporter-output>
        </test-method> <!-- ValidateWicketKeeperCount -->
      </class> <!-- testcases.TC_02_Test -->
      <class name="testcases.TC_01_Test">
        <test-method signature="TC_01_Verify_No_of_players()[pri:0, instance:testcases.TC_01_Test@6b19b79]" started-at="2023-02-05T07:35:08 IST" name="TC_01_Verify_No_of_players" finished-at="2023-02-05T07:35:08 IST" duration-ms="10" status="PASS">
          <reporter-output>
          </reporter-output>
        </test-method> <!-- TC_01_Verify_No_of_players -->
      </class> <!-- testcases.TC_01_Test -->
    </test> <!-- CheckForeignPlayers -->
  </suite> <!-- RCBTeamRegression -->
</testng-results>
